<?xml version="1.0" encoding="UTF-8"?>
<!-- Generated by org.testng.reporters.JUnitXMLReporter -->
<testsuite ignored="0" hostname="VibinWorkStation" failures="0" tests="2" name="Error Validations Test" time="12.387" errors="0" timestamp="2024-04-29T22:51:42 IST">
  <testcase classname="thevortexalpha.tests.ErrorValidation" name="loginErrorValidation" time="0.583"/>
  <testcase classname="thevortexalpha.tests.ErrorValidation" name="productErrorValidation" time="2.99"/>
</testsuite> <!-- Error Validations Test -->
