<?xml version="1.0" encoding="UTF-8"?>
<!-- Generated by org.testng.reporters.JUnitXMLReporter -->
<testsuite ignored="0" hostname="VibinWorkStation" failures="0" tests="3" name="Submit Order Test" time="20.654" errors="0" timestamp="2024-04-29T22:51:49 IST">
  <testcase classname="thevortexalpha.tests.SubmitOrderTest" name="submitOrder" time="3.856"/>
  <testcase classname="thevortexalpha.tests.SubmitOrderTest" name="submitOrder" time="3.844"/>
  <testcase classname="thevortexalpha.tests.SubmitOrderTest" name="OrderHistoryTest" time="0.707"/>
</testsuite> <!-- Submit Order Test -->
