<?xml version="1.0" encoding="UTF-8"?>
<testsuite xmlns:xsi="http://www.w3.org/2001/XMLSchema-instance" xsi:noNamespaceSchemaLocation="https://maven.apache.org/surefire/maven-surefire-plugin/xsd/surefire-test-report-3.0.xsd" version="3.0" name="TestSuite" time="21.854" tests="5" errors="0" skipped="0" failures="0">
  <properties>
[...]
</properties>
  <testcase name="loginErrorValidation" classname="thevortexalpha.tests.ErrorValidation" time="0.551">
    <system-err><![CDATA[SLF4J: Failed to load class "org.slf4j.impl.StaticLoggerBinder".
SLF4J: Defaulting to no-operation (NOP) logger implementation
SLF4J: See http://www.slf4j.org/codes.html#StaticLoggerBinder for further details.
Apr 29, 2024 10:51:31 PM org.openqa.selenium.devtools.CdpVersionFinder findNearestMatch
WARNING: Unable to find an exact match for CDP version 124, returning the closest version; found: 123; Please update to a Selenium version that supports CDP version 124
Apr 29, 2024 10:51:31 PM org.openqa.selenium.devtools.CdpVersionFinder findNearestMatch
WARNING: Unable to find an exact match for CDP version 124, returning the closest version; found: 123; Please update to a Selenium version that supports CDP version 124
]]></system-err>
  </testcase>
  <testcase name="productErrorValidation" classname="thevortexalpha.tests.ErrorValidation" time="2.99">
    <system-err><![CDATA[Apr 29, 2024 10:51:39 PM org.openqa.selenium.devtools.CdpVersionFinder findNearestMatch
WARNING: Unable to find an exact match for CDP version 124, returning the closest version; found: 123; Please update to a Selenium version that supports CDP version 124
]]></system-err>
  </testcase>
  <testcase name="submitOrder[{password=TestUser123#, product=ZARA COAT 3, email=mabevix217@em2lab.com}](1)" classname="thevortexalpha.tests.SubmitOrderTest" time="3.856">
    <system-out><![CDATA[Your order id is 662fd721a86f8f74dcd25122
]]></system-out>
    <system-err><![CDATA[Apr 29, 2024 10:51:36 PM org.openqa.selenium.devtools.CdpVersionFinder findNearestMatch
WARNING: Unable to find an exact match for CDP version 124, returning the closest version; found: 123; Please update to a Selenium version that supports CDP version 124
]]></system-err>
  </testcase>
  <testcase name="submitOrder[{password=Rockvibin123, product=ADIDAS ORIGINAL, email=vsvatheking@gmail.com}](2)" classname="thevortexalpha.tests.SubmitOrderTest" time="3.836">
    <system-out><![CDATA[Your order id is 662fd729a86f8f74dcd2514b
]]></system-out>
  </testcase>
  <testcase name="OrderHistoryTest" classname="thevortexalpha.tests.SubmitOrderTest" time="0.715">
    <system-err><![CDATA[Apr 29, 2024 10:51:46 PM org.openqa.selenium.devtools.CdpVersionFinder findNearestMatch
WARNING: Unable to find an exact match for CDP version 124, returning the closest version; found: 123; Please update to a Selenium version that supports CDP version 124
]]></system-err>
  </testcase>
</testsuite>